<?xml version="1.0" encoding="UTF-8"?>
<!-- Generated by org.testng.reporters.JUnitReportReporter -->
<testsuite hostname="Salman4Ismath" failures="0" tests="1" name="org.dd.Sample" time="2.554" errors="0" timestamp="2023-12-28T20:09:33 IST" skipped="0">
  <testcase classname="org.dd.Sample" name="tc1" time="2.554"/>
  <system-out/>
</testsuite> <!-- org.dd.Sample -->
