<?xml version="1.0" encoding="UTF-8"?>
<!-- Generated by org.testng.reporters.JUnitReportReporter -->
<testsuite hostname="Salman4Ismath" failures="0" tests="1" name="org.test.AmazonExecutionClass" time="60.616" errors="0" timestamp="2023-12-29T17:09:13 IST" skipped="0">
  <testcase classname="org.test.AmazonExecutionClass" name="tc1" time="60.616"/>
  <system-out/>
</testsuite> <!-- org.test.AmazonExecutionClass -->
